<?xml version="1.0" encoding="UTF-8"?>
<!-- Generated by org.testng.reporters.JUnitReportReporter -->
<testsuite hostname="DESKTOP-QARHQMJ" failures="0" tests="3" name="TestScripts.TC01_RegisterTestCase" time="20.264" errors="0" timestamp="2024-01-13T22:13:14 IST" skipped="0">
  <testcase classname="TestScripts.TC01_RegisterTestCase" name="testcase" time="6.569">
    <system-out>
      <![CDATA[Register page is displayed
Register TestCase Pass...]]>
    </system-out>
  </testcase> <!-- testcase -->
  <testcase classname="TestScripts.TC01_RegisterTestCase" name="testcase" time="6.510">
    <system-out>
      <![CDATA[Register page is displayed
Register TestCase Pass...]]>
    </system-out>
  </testcase> <!-- testcase -->
  <testcase classname="TestScripts.TC01_RegisterTestCase" name="testcase" time="7.185">
    <system-out>
      <![CDATA[Register page is displayed
Register TestCase Pass...]]>
    </system-out>
  </testcase> <!-- testcase -->
  <system-out>
    <![CDATA[Register page is displayed
Register TestCase Pass...
Register page is displayed
Register TestCase Pass...
Register page is displayed
Register TestCase Pass...]]>
  </system-out>
</testsuite> <!-- TestScripts.TC01_RegisterTestCase -->
